<?xml version="1.0" encoding="UTF-8"?>
<testng-results ignored="0" total="1" passed="1" failed="0" skipped="0">
  <reporter-output>
  </reporter-output>
  <suite started-at="2021-06-09T12:08:16 IST" name="Suite" finished-at="2021-06-09T12:08:33 IST" duration-ms="16830">
    <groups>
    </groups>
    <test started-at="2021-06-09T12:08:16 IST" name="Test" finished-at="2021-06-09T12:08:33 IST" duration-ms="16830">
      <class name="mygitexample.LoginSalesforce">
        <test-method signature="launchBrowser()[pri:0, instance:mygitexample.LoginSalesforce@4df50bcc]" started-at="2021-06-09T12:08:16 IST" name="launchBrowser" finished-at="2021-06-09T12:08:33 IST" duration-ms="16799" status="PASS">
          <reporter-output>
          </reporter-output>
        </test-method> <!-- launchBrowser -->
      </class> <!-- mygitexample.LoginSalesforce -->
    </test> <!-- Test -->
  </suite> <!-- Suite -->
</testng-results>
